Using pre-set license
Built from '2020.3/staging' branch; Version is '2020.3.5f1 (8095aa901b9b) revision 8426922'; Using compiler version '192528614'; Build Type 'Release'
OS: 'Windows 10 Home; OS build 19042.1237; Version 2009; 64bit' Language: 'it' Physical Memory: 16228 MB
BatchMode: 1, IsHumanControllingUs: 0, StartBugReporterOnCrash: 0, Is64bit: 1, IsPro: 0

 COMMAND LINE ARGUMENTS:
C:\Program Files\Unity\Hub\Editor\2020.3.5f1\Editor\Unity.exe
-adb2
-batchMode
-noUpm
-name
AssetImportWorker0
-projectPath
C:/Users/silvi/Documents/GitHub/FirstDayAtWork
-logFile
Logs/AssetImportWorker0.log
-srvPort
51246
Successfully changed project path to: C:/Users/silvi/Documents/GitHub/FirstDayAtWork
C:/Users/silvi/Documents/GitHub/FirstDayAtWork
Using Asset Import Pipeline V2.
Refreshing native plugins compatible for Editor in 38.00 ms, found 0 plugins.
Preloading 0 native plugins for Editor in 0.00 ms.
Initialize engine version: 2020.3.5f1 (8095aa901b9b)
[Subsystems] Discovering subsystems at path C:/Program Files/Unity/Hub/Editor/2020.3.5f1/Editor/Data/Resources/UnitySubsystems
[Subsystems] Discovering subsystems at path C:/Users/silvi/Documents/GitHub/FirstDayAtWork/Assets
GfxDevice: creating device client; threaded=0
Direct3D:
    Version:  Direct3D 11.0 [level 11.1]
    Renderer: NVIDIA GeForce RTX 2070 with Max-Q Design (ID=0x1f10)
    Vendor:   
    VRAM:     8031 MB
    Driver:   27.21.14.5751
Initialize mono
Mono path[0] = 'C:/Program Files/Unity/Hub/Editor/2020.3.5f1/Editor/Data/Managed'
Mono path[1] = 'C:/Program Files/Unity/Hub/Editor/2020.3.5f1/Editor/Data/MonoBleedingEdge/lib/mono/unityjit'
Mono config path = 'C:/Program Files/Unity/Hub/Editor/2020.3.5f1/Editor/Data/MonoBleedingEdge/etc'
Using monoOptions --debugger-agent=transport=dt_socket,embedding=1,server=y,suspend=n,address=127.0.0.1:56384
Begin MonoManager ReloadAssembly
Registering precompiled unity dll's ...
Register platform support module: C:/Program Files/Unity/Hub/Editor/2020.3.5f1/Editor/Data/PlaybackEngines/WebGLSupport/UnityEditor.WebGL.Extensions.dll
Register platform support module: C:/Program Files/Unity/Hub/Editor/2020.3.5f1/Editor/Data/PlaybackEngines/WindowsStandaloneSupport/UnityEditor.WindowsStandalone.Extensions.dll
Registered in 0.002917 seconds.
Native extension for WindowsStandalone target not found
Native extension for WebGL target not found
Refreshing native plugins compatible for Editor in 61.56 ms, found 0 plugins.
Preloading 0 native plugins for Editor in 0.00 ms.
Mono: successfully reloaded assembly
- Completed reload, in  1.480 seconds
Platform modules already initialized, skipping
Registering precompiled user dll's ...
Registered in 0.001012 seconds.
Begin MonoManager ReloadAssembly
Native extension for WindowsStandalone target not found
Native extension for WebGL target not found
Refreshing native plugins compatible for Editor in 0.40 ms, found 0 plugins.
Preloading 0 native plugins for Editor in 0.00 ms.
Mono: successfully reloaded assembly
- Completed reload, in  1.244 seconds
Platform modules already initialized, skipping
========================================================================
Worker process is ready to serve import requests
Launched and connected shader compiler UnityShaderCompiler.exe after 0.05 seconds
Refreshing native plugins compatible for Editor in 0.44 ms, found 0 plugins.
Preloading 0 native plugins for Editor in 0.00 ms.
Unloading 1740 Unused Serialized files (Serialized files now loaded: 0)
System memory in use before: 109.7 MB.
System memory in use after: 109.7 MB.

Unloading 74 unused Assets to reduce memory usage. Loaded Objects now: 2202.
Total: 4.031300 ms (FindLiveObjects: 0.334900 ms CreateObjectMapping: 0.144700 ms MarkObjects: 3.226100 ms  DeleteObjects: 0.323800 ms)

========================================================================
Received Import Request.
  path: Assets/Scripts/PausePanel.cs
  artifactKey: Guid(ed69e1a305171044eb08a848ead57c1a) Importer(815301076,1909f56bfc062723c751e8b465ee728b)
Start importing Assets/Scripts/PausePanel.cs using Guid(ed69e1a305171044eb08a848ead57c1a) Importer(815301076,1909f56bfc062723c751e8b465ee728b)  -> (artifact id: '284ad17dbce189ff40466f44b2fb5647') in 0.038358 seconds
  Import took 0.042363 seconds .

========================================================================
Received Prepare
Refreshing native plugins compatible for Editor in 0.83 ms, found 0 plugins.
Preloading 0 native plugins for Editor in 0.00 ms.
Unloading 4 Unused Serialized files (Serialized files now loaded: 0)
System memory in use before: 70.3 MB.
System memory in use after: 70.4 MB.

Unloading 4 unused Assets to reduce memory usage. Loaded Objects now: 2202.
Total: 3.875700 ms (FindLiveObjects: 0.263400 ms CreateObjectMapping: 0.107800 ms MarkObjects: 3.306300 ms  DeleteObjects: 0.196400 ms)

========================================================================
Received Import Request.
  Time since last request: 136.925996 seconds.
  path: Assets/Prefabs/Floor01.prefab
  artifactKey: Guid(a64ea54d74ce1ef42894acac7c46ad35) Importer(815301076,1909f56bfc062723c751e8b465ee728b)
Start importing Assets/Prefabs/Floor01.prefab using Guid(a64ea54d74ce1ef42894acac7c46ad35) Importer(815301076,1909f56bfc062723c751e8b465ee728b)  -> (artifact id: '57cfc9a04b53a68b0e10bf7c8312f85b') in 0.166953 seconds
  Import took 0.172748 seconds .

========================================================================
Received Prepare
Registering precompiled user dll's ...
Registered in 0.000814 seconds.
Begin MonoManager ReloadAssembly
Native extension for WindowsStandalone target not found
Native extension for WebGL target not found
Refreshing native plugins compatible for Editor in 0.35 ms, found 0 plugins.
Preloading 0 native plugins for Editor in 0.00 ms.
Warning: Annotation not found!
UnityEngine.StackTraceUtility:ExtractStackTrace ()
UnityEditor.ProBuilder.EditorUtility:SetGizmoIconEnabled (System.Type,bool) (at C:/Users/silvi/Documents/GitHub/ElevatorFirst/Library/PackageCache/com.unity.probuilder@5.0.3/Editor/EditorCore/EditorUtility.cs:575)
UnityEditor.ProBuilder.HierarchyListener:.cctor () (at C:/Users/silvi/Documents/GitHub/ElevatorFirst/Library/PackageCache/com.unity.probuilder@5.0.3/Editor/EditorCore/HierarchyListener.cs:21)
System.Runtime.CompilerServices.RuntimeHelpers:RunClassConstructor (System.RuntimeTypeHandle)
UnityEditor.EditorAssemblies:ProcessInitializeOnLoadAttributes (System.Type[])

[C:/Users/silvi/Documents/GitHub/ElevatorFirst/Library/PackageCache/com.unity.probuilder@5.0.3/Editor/EditorCore/EditorUtility.cs line 575]

Mono: successfully reloaded assembly
- Completed reload, in  0.798 seconds
Platform modules already initialized, skipping
Refreshing native plugins compatible for Editor in 0.35 ms, found 0 plugins.
Preloading 0 native plugins for Editor in 0.00 ms.
Unloading 1668 Unused Serialized files (Serialized files now loaded: 0)
System memory in use before: 106.6 MB.
System memory in use after: 106.6 MB.

Unloading 7 unused Assets to reduce memory usage. Loaded Objects now: 2216.
Total: 3.022500 ms (FindLiveObjects: 0.239100 ms CreateObjectMapping: 0.084100 ms MarkObjects: 2.523300 ms  DeleteObjects: 0.174600 ms)

========================================================================
Received Import Request.
  Time since last request: 902.212186 seconds.
  path: Assets/Prefabs/Floor01 1.prefab
  artifactKey: Guid(33445912591ec9740bfd96ab94b87e03) Importer(815301076,1909f56bfc062723c751e8b465ee728b)
Start importing Assets/Prefabs/Floor01 1.prefab using Guid(33445912591ec9740bfd96ab94b87e03) Importer(815301076,1909f56bfc062723c751e8b465ee728b)  -> (artifact id: 'f1f4607d5c9ebc8c37928f4bfe3a7515') in 0.113451 seconds
  Import took 0.119513 seconds .

========================================================================
Received Prepare
Refreshing native plugins compatible for Editor in 0.82 ms, found 0 plugins.
Preloading 0 native plugins for Editor in 0.00 ms.
Unloading 4 Unused Serialized files (Serialized files now loaded: 0)
System memory in use before: 74.8 MB.
System memory in use after: 74.8 MB.

Unloading 5 unused Assets to reduce memory usage. Loaded Objects now: 2217.
Total: 2.685100 ms (FindLiveObjects: 0.177600 ms CreateObjectMapping: 0.058100 ms MarkObjects: 2.322700 ms  DeleteObjects: 0.125200 ms)

========================================================================
Received Prepare
Refreshing native plugins compatible for Editor in 0.78 ms, found 0 plugins.
Preloading 0 native plugins for Editor in 0.00 ms.
Unloading 4 Unused Serialized files (Serialized files now loaded: 0)
System memory in use before: 74.9 MB.
System memory in use after: 75.0 MB.

Unloading 4 unused Assets to reduce memory usage. Loaded Objects now: 2217.
Total: 3.325400 ms (FindLiveObjects: 0.310600 ms CreateObjectMapping: 0.079600 ms MarkObjects: 2.765200 ms  DeleteObjects: 0.168400 ms)

AssetImportWorkerClient::OnTransportError - code=2 error=End of file
